<?xml version="1.0" encoding="UTF-8"?>
<!-- Generated by org.testng.reporters.JUnitXMLReporter -->
<testsuite hostname="Maxo" ignored="0" name="Default test" tests="3" failures="0" timestamp="2021-05-07T01:45:49 EET" time="8.659" errors="0">
  <testcase name="RegisterSuccessfully" time="3.742" classname="tests.UserRegistrationTest"/>
  <testcase name="userCanLogout" time="2.311" classname="tests.UserRegistrationTest"/>
  <testcase name="userCanLogin" time="2.532" classname="tests.UserRegistrationTest"/>
</testsuite> <!-- Default test -->
