<?xml version="1.0" encoding="UTF-8"?>
<testsuite xmlns:xsi="http://www.w3.org/2001/XMLSchema-instance" xsi:noNamespaceSchemaLocation="https://maven.apache.org/surefire/maven-surefire-plugin/xsd/surefire-test-report-3.0.xsd" version="3.0" name="TestSuite" time="372.41" tests="24" errors="0" skipped="2" failures="12">
  <properties>
[...]
</properties>
  <testcase name="UserCanCompareProduct" classname="tests.CompareProductTest" time="40.759">
    <failure message="no such element: Unable to locate element: {&quot;method&quot;:&quot;link text&quot;,&quot;selector&quot;:&quot;product comparison&quot;}&#10;  (Session info: chrome=89.0.4389.114)&#10;For documentation on this error, please visit: https://www.seleniumhq.org/exceptions/no_such_element.html&#10;Build info: version: &apos;3.141.59&apos;, revision: &apos;e82be7d358&apos;, time: &apos;2018-11-14T08:17:03&apos;&#10;System info: host: &apos;MAXO&apos;, ip: &apos;192.168.1.15&apos;, os.name: &apos;Windows 10&apos;, os.arch: &apos;amd64&apos;, os.version: &apos;10.0&apos;, java.version: &apos;1.8.0_60&apos;&#10;Driver info: org.openqa.selenium.chrome.ChromeDriver&#10;Capabilities {acceptInsecureCerts: false, browserName: chrome, browserVersion: 89.0.4389.114, chrome: {chromedriverVersion: 89.0.4389.23 (61b08ee2c5002..., userDataDir: C:\Users\Maxo\AppData\Local...}, goog:chromeOptions: {debuggerAddress: localhost:54522}, javascriptEnabled: true, networkConnectionEnabled: false, pageLoadStrategy: normal, platform: WINDOWS, platformName: WINDOWS, proxy: Proxy(), setWindowRect: true, strictFileInteractability: false, timeouts: {implicit: 0, pageLoad: 300000, script: 30000}, unhandledPromptBehavior: dismiss and notify, webauthn:extension:largeBlob: true, webauthn:virtualAuthenticators: true}&#10;Session ID: b60a5fe8ef811128c249b5c7e1ba5d5f&#10;*** Element info: {Using=link text, value=product comparison}" type="org.openqa.selenium.NoSuchElementException"><![CDATA[org.openqa.selenium.NoSuchElementException: 
no such element: Unable to locate element: {"method":"link text","selector":"product comparison"}
  (Session info: chrome=89.0.4389.114)
For documentation on this error, please visit: https://www.seleniumhq.org/exceptions/no_such_element.html
Build info: version: '3.141.59', revision: 'e82be7d358', time: '2018-11-14T08:17:03'
System info: host: 'MAXO', ip: '192.168.1.15', os.name: 'Windows 10', os.arch: 'amd64', os.version: '10.0', java.version: '1.8.0_60'
Driver info: org.openqa.selenium.chrome.ChromeDriver
Capabilities {acceptInsecureCerts: false, browserName: chrome, browserVersion: 89.0.4389.114, chrome: {chromedriverVersion: 89.0.4389.23 (61b08ee2c5002..., userDataDir: C:\Users\Maxo\AppData\Local...}, goog:chromeOptions: {debuggerAddress: localhost:54522}, javascriptEnabled: true, networkConnectionEnabled: false, pageLoadStrategy: normal, platform: WINDOWS, platformName: WINDOWS, proxy: Proxy(), setWindowRect: true, strictFileInteractability: false, timeouts: {implicit: 0, pageLoad: 300000, script: 30000}, unhandledPromptBehavior: dismiss and notify, webauthn:extension:largeBlob: true, webauthn:virtualAuthenticators: true}
Session ID: b60a5fe8ef811128c249b5c7e1ba5d5f
*** Element info: {Using=link text, value=product comparison}
	at tests.CompareProductTest.UserCanCompareProduct(CompareProductTest.java:27)
]]></failure>
    <system-err><![CDATA[Starting ChromeDriver 89.0.4389.23 (61b08ee2c50024bab004e48d2b1b083cdbdac579-refs/branch-heads/4389@{#294}) on port 21382
Only local connections are allowed.
Please see https://chromedriver.chromium.org/security-considerations for suggestions on keeping ChromeDriver safe.
ChromeDriver was started successfully.
أبر 12, 2021 7:48:57 م org.openqa.selenium.remote.ProtocolHandshake createSession
INFO: Detected dialect: W3C
]]></system-err>
  </testcase>
  <testcase name="UserCanSearchForProduct" classname="tests.SearchProductTest" time="68.703">
    <system-out><![CDATA[Failed!
Taking Screenshots......
]]></system-out>
  </testcase>
  <testcase name="UserCanSelectFromList" classname="tests.AddProductToWishlistTest" time="10.254"/>
  <testcase name="UserCanSelectFromList" classname="tests.SearchUsingAutoSuggestTest" time="4.963"/>
  <testcase name="UserCanSelectSubCategoryFromMainMenu" classname="tests.ProductHoverMenuTest" time="3.238"/>
  <testcase name="UserCanUseContactUs" classname="tests.ContactUsTest" time="11.159"/>
  <testcase name="sendEmailToFriend" classname="tests.SendEmailToFriendTest" time="15.528"/>
  <testcase name="userCanChangeCurrency" classname="tests.ChangeCurrncyTest" time="8.978"/>
  <testcase name="userCanReviewProduct" classname="tests.ProductReviewTest" time="30.07">
    <failure message="no such element: Unable to locate element: {&quot;method&quot;:&quot;link text&quot;,&quot;selector&quot;:&quot;Register&quot;}&#10;  (Session info: chrome=89.0.4389.114)&#10;For documentation on this error, please visit: https://www.seleniumhq.org/exceptions/no_such_element.html&#10;Build info: version: &apos;3.141.59&apos;, revision: &apos;e82be7d358&apos;, time: &apos;2018-11-14T08:17:03&apos;&#10;System info: host: &apos;MAXO&apos;, ip: &apos;192.168.1.15&apos;, os.name: &apos;Windows 10&apos;, os.arch: &apos;amd64&apos;, os.version: &apos;10.0&apos;, java.version: &apos;1.8.0_60&apos;&#10;Driver info: org.openqa.selenium.chrome.ChromeDriver&#10;Capabilities {acceptInsecureCerts: false, browserName: chrome, browserVersion: 89.0.4389.114, chrome: {chromedriverVersion: 89.0.4389.23 (61b08ee2c5002..., userDataDir: C:\Users\Maxo\AppData\Local...}, goog:chromeOptions: {debuggerAddress: localhost:54522}, javascriptEnabled: true, networkConnectionEnabled: false, pageLoadStrategy: normal, platform: WINDOWS, platformName: WINDOWS, proxy: Proxy(), setWindowRect: true, strictFileInteractability: false, timeouts: {implicit: 0, pageLoad: 300000, script: 30000}, unhandledPromptBehavior: dismiss and notify, webauthn:extension:largeBlob: true, webauthn:virtualAuthenticators: true}&#10;Session ID: b60a5fe8ef811128c249b5c7e1ba5d5f&#10;*** Element info: {Using=link text, value=Register}" type="org.openqa.selenium.NoSuchElementException"><![CDATA[org.openqa.selenium.NoSuchElementException: 
no such element: Unable to locate element: {"method":"link text","selector":"Register"}
  (Session info: chrome=89.0.4389.114)
For documentation on this error, please visit: https://www.seleniumhq.org/exceptions/no_such_element.html
Build info: version: '3.141.59', revision: 'e82be7d358', time: '2018-11-14T08:17:03'
System info: host: 'MAXO', ip: '192.168.1.15', os.name: 'Windows 10', os.arch: 'amd64', os.version: '10.0', java.version: '1.8.0_60'
Driver info: org.openqa.selenium.chrome.ChromeDriver
Capabilities {acceptInsecureCerts: false, browserName: chrome, browserVersion: 89.0.4389.114, chrome: {chromedriverVersion: 89.0.4389.23 (61b08ee2c5002..., userDataDir: C:\Users\Maxo\AppData\Local...}, goog:chromeOptions: {debuggerAddress: localhost:54522}, javascriptEnabled: true, networkConnectionEnabled: false, pageLoadStrategy: normal, platform: WINDOWS, platformName: WINDOWS, proxy: Proxy(), setWindowRect: true, strictFileInteractability: false, timeouts: {implicit: 0, pageLoad: 300000, script: 30000}, unhandledPromptBehavior: dismiss and notify, webauthn:extension:largeBlob: true, webauthn:virtualAuthenticators: true}
Session ID: b60a5fe8ef811128c249b5c7e1ba5d5f
*** Element info: {Using=link text, value=Register}
	at tests.ProductReviewTest.userCanReviewProduct(ProductReviewTest.java:41)
]]></failure>
  </testcase>
  <testcase name="RegisterSuccessfully" classname="tests.UserRegistrationTest" time="30.067">
    <failure message="no such element: Unable to locate element: {&quot;method&quot;:&quot;link text&quot;,&quot;selector&quot;:&quot;Register&quot;}&#10;  (Session info: chrome=89.0.4389.114)&#10;For documentation on this error, please visit: https://www.seleniumhq.org/exceptions/no_such_element.html&#10;Build info: version: &apos;3.141.59&apos;, revision: &apos;e82be7d358&apos;, time: &apos;2018-11-14T08:17:03&apos;&#10;System info: host: &apos;MAXO&apos;, ip: &apos;192.168.1.15&apos;, os.name: &apos;Windows 10&apos;, os.arch: &apos;amd64&apos;, os.version: &apos;10.0&apos;, java.version: &apos;1.8.0_60&apos;&#10;Driver info: org.openqa.selenium.chrome.ChromeDriver&#10;Capabilities {acceptInsecureCerts: false, browserName: chrome, browserVersion: 89.0.4389.114, chrome: {chromedriverVersion: 89.0.4389.23 (61b08ee2c5002..., userDataDir: C:\Users\Maxo\AppData\Local...}, goog:chromeOptions: {debuggerAddress: localhost:54522}, javascriptEnabled: true, networkConnectionEnabled: false, pageLoadStrategy: normal, platform: WINDOWS, platformName: WINDOWS, proxy: Proxy(), setWindowRect: true, strictFileInteractability: false, timeouts: {implicit: 0, pageLoad: 300000, script: 30000}, unhandledPromptBehavior: dismiss and notify, webauthn:extension:largeBlob: true, webauthn:virtualAuthenticators: true}&#10;Session ID: b60a5fe8ef811128c249b5c7e1ba5d5f&#10;*** Element info: {Using=link text, value=Register}" type="org.openqa.selenium.NoSuchElementException"><![CDATA[org.openqa.selenium.NoSuchElementException: 
no such element: Unable to locate element: {"method":"link text","selector":"Register"}
  (Session info: chrome=89.0.4389.114)
For documentation on this error, please visit: https://www.seleniumhq.org/exceptions/no_such_element.html
Build info: version: '3.141.59', revision: 'e82be7d358', time: '2018-11-14T08:17:03'
System info: host: 'MAXO', ip: '192.168.1.15', os.name: 'Windows 10', os.arch: 'amd64', os.version: '10.0', java.version: '1.8.0_60'
Driver info: org.openqa.selenium.chrome.ChromeDriver
Capabilities {acceptInsecureCerts: false, browserName: chrome, browserVersion: 89.0.4389.114, chrome: {chromedriverVersion: 89.0.4389.23 (61b08ee2c5002..., userDataDir: C:\Users\Maxo\AppData\Local...}, goog:chromeOptions: {debuggerAddress: localhost:54522}, javascriptEnabled: true, networkConnectionEnabled: false, pageLoadStrategy: normal, platform: WINDOWS, platformName: WINDOWS, proxy: Proxy(), setWindowRect: true, strictFileInteractability: false, timeouts: {implicit: 0, pageLoad: 300000, script: 30000}, unhandledPromptBehavior: dismiss and notify, webauthn:extension:largeBlob: true, webauthn:virtualAuthenticators: true}
Session ID: b60a5fe8ef811128c249b5c7e1ba5d5f
*** Element info: {Using=link text, value=Register}
	at tests.UserRegistrationTest.RegisterSuccessfully(UserRegistrationTest.java:20)
]]></failure>
    <system-out><![CDATA[Failed!
Taking Screenshots......
]]></system-out>
  </testcase>
  <testcase name="userCanLogout" classname="tests.UserRegistrationTest" time="0">
    <skipped message="Method UserRegistrationTest.userCanLogout()[pri:0, instance:tests.UserRegistrationTest@369f73a2] depends on not successfully finished methods"/>
    <system-out><![CDATA[Failed!
Taking Screenshots......
]]></system-out>
  </testcase>
  <testcase name="userCanLogin" classname="tests.UserRegistrationTest" time="0">
    <skipped message="Method UserRegistrationTest.userCanLogin()[pri:0, instance:tests.UserRegistrationTest@369f73a2] depends on not successfully finished methods"/>
  </testcase>
  <testcase name="RegisterSuccessfully" classname="tests.MyAccTest" time="30.141">
    <failure message="no such element: Unable to locate element: {&quot;method&quot;:&quot;link text&quot;,&quot;selector&quot;:&quot;Register&quot;}&#10;  (Session info: chrome=89.0.4389.114)&#10;For documentation on this error, please visit: https://www.seleniumhq.org/exceptions/no_such_element.html&#10;Build info: version: &apos;3.141.59&apos;, revision: &apos;e82be7d358&apos;, time: &apos;2018-11-14T08:17:03&apos;&#10;System info: host: &apos;MAXO&apos;, ip: &apos;192.168.1.15&apos;, os.name: &apos;Windows 10&apos;, os.arch: &apos;amd64&apos;, os.version: &apos;10.0&apos;, java.version: &apos;1.8.0_60&apos;&#10;Driver info: org.openqa.selenium.chrome.ChromeDriver&#10;Capabilities {acceptInsecureCerts: false, browserName: chrome, browserVersion: 89.0.4389.114, chrome: {chromedriverVersion: 89.0.4389.23 (61b08ee2c5002..., userDataDir: C:\Users\Maxo\AppData\Local...}, goog:chromeOptions: {debuggerAddress: localhost:54522}, javascriptEnabled: true, networkConnectionEnabled: false, pageLoadStrategy: normal, platform: WINDOWS, platformName: WINDOWS, proxy: Proxy(), setWindowRect: true, strictFileInteractability: false, timeouts: {implicit: 0, pageLoad: 300000, script: 30000}, unhandledPromptBehavior: dismiss and notify, webauthn:extension:largeBlob: true, webauthn:virtualAuthenticators: true}&#10;Session ID: b60a5fe8ef811128c249b5c7e1ba5d5f&#10;*** Element info: {Using=link text, value=Register}" type="org.openqa.selenium.NoSuchElementException"><![CDATA[org.openqa.selenium.NoSuchElementException: 
no such element: Unable to locate element: {"method":"link text","selector":"Register"}
  (Session info: chrome=89.0.4389.114)
For documentation on this error, please visit: https://www.seleniumhq.org/exceptions/no_such_element.html
Build info: version: '3.141.59', revision: 'e82be7d358', time: '2018-11-14T08:17:03'
System info: host: 'MAXO', ip: '192.168.1.15', os.name: 'Windows 10', os.arch: 'amd64', os.version: '10.0', java.version: '1.8.0_60'
Driver info: org.openqa.selenium.chrome.ChromeDriver
Capabilities {acceptInsecureCerts: false, browserName: chrome, browserVersion: 89.0.4389.114, chrome: {chromedriverVersion: 89.0.4389.23 (61b08ee2c5002..., userDataDir: C:\Users\Maxo\AppData\Local...}, goog:chromeOptions: {debuggerAddress: localhost:54522}, javascriptEnabled: true, networkConnectionEnabled: false, pageLoadStrategy: normal, platform: WINDOWS, platformName: WINDOWS, proxy: Proxy(), setWindowRect: true, strictFileInteractability: false, timeouts: {implicit: 0, pageLoad: 300000, script: 30000}, unhandledPromptBehavior: dismiss and notify, webauthn:extension:largeBlob: true, webauthn:virtualAuthenticators: true}
Session ID: b60a5fe8ef811128c249b5c7e1ba5d5f
*** Element info: {Using=link text, value=Register}
	at tests.MyAccTest.RegisterSuccessfully(MyAccTest.java:27)
]]></failure>
  </testcase>
  <testcase name="registredUserCanChangePw" classname="tests.MyAccTest" time="0.002">
    <failure type="java.lang.NullPointerException"><![CDATA[java.lang.NullPointerException
	at tests.MyAccTest.registredUserCanChangePw(MyAccTest.java:41)
]]></failure>
  </testcase>
  <testcase name="userCanLogout" classname="tests.MyAccTest" time="0.402">
    <failure type="java.lang.NullPointerException"><![CDATA[java.lang.NullPointerException
	at tests.MyAccTest.userCanLogout(MyAccTest.java:53)
]]></failure>
  </testcase>
  <testcase name="userCanLogin" classname="tests.MyAccTest" time="30.526">
    <failure message="no such element: Unable to locate element: {&quot;method&quot;:&quot;link text&quot;,&quot;selector&quot;:&quot;Log in&quot;}&#10;  (Session info: chrome=89.0.4389.114)&#10;For documentation on this error, please visit: https://www.seleniumhq.org/exceptions/no_such_element.html&#10;Build info: version: &apos;3.141.59&apos;, revision: &apos;e82be7d358&apos;, time: &apos;2018-11-14T08:17:03&apos;&#10;System info: host: &apos;MAXO&apos;, ip: &apos;192.168.1.15&apos;, os.name: &apos;Windows 10&apos;, os.arch: &apos;amd64&apos;, os.version: &apos;10.0&apos;, java.version: &apos;1.8.0_60&apos;&#10;Driver info: org.openqa.selenium.chrome.ChromeDriver&#10;Capabilities {acceptInsecureCerts: false, browserName: chrome, browserVersion: 89.0.4389.114, chrome: {chromedriverVersion: 89.0.4389.23 (61b08ee2c5002..., userDataDir: C:\Users\Maxo\AppData\Local...}, goog:chromeOptions: {debuggerAddress: localhost:54522}, javascriptEnabled: true, networkConnectionEnabled: false, pageLoadStrategy: normal, platform: WINDOWS, platformName: WINDOWS, proxy: Proxy(), setWindowRect: true, strictFileInteractability: false, timeouts: {implicit: 0, pageLoad: 300000, script: 30000}, unhandledPromptBehavior: dismiss and notify, webauthn:extension:largeBlob: true, webauthn:virtualAuthenticators: true}&#10;Session ID: b60a5fe8ef811128c249b5c7e1ba5d5f&#10;*** Element info: {Using=link text, value=Log in}" type="org.openqa.selenium.NoSuchElementException"><![CDATA[org.openqa.selenium.NoSuchElementException: 
no such element: Unable to locate element: {"method":"link text","selector":"Log in"}
  (Session info: chrome=89.0.4389.114)
For documentation on this error, please visit: https://www.seleniumhq.org/exceptions/no_such_element.html
Build info: version: '3.141.59', revision: 'e82be7d358', time: '2018-11-14T08:17:03'
System info: host: 'MAXO', ip: '192.168.1.15', os.name: 'Windows 10', os.arch: 'amd64', os.version: '10.0', java.version: '1.8.0_60'
Driver info: org.openqa.selenium.chrome.ChromeDriver
Capabilities {acceptInsecureCerts: false, browserName: chrome, browserVersion: 89.0.4389.114, chrome: {chromedriverVersion: 89.0.4389.23 (61b08ee2c5002..., userDataDir: C:\Users\Maxo\AppData\Local...}, goog:chromeOptions: {debuggerAddress: localhost:54522}, javascriptEnabled: true, networkConnectionEnabled: false, pageLoadStrategy: normal, platform: WINDOWS, platformName: WINDOWS, proxy: Proxy(), setWindowRect: true, strictFileInteractability: false, timeouts: {implicit: 0, pageLoad: 300000, script: 30000}, unhandledPromptBehavior: dismiss and notify, webauthn:extension:largeBlob: true, webauthn:virtualAuthenticators: true}
Session ID: b60a5fe8ef811128c249b5c7e1ba5d5f
*** Element info: {Using=link text, value=Log in}
	at tests.MyAccTest.userCanLogin(MyAccTest.java:60)
]]></failure>
    <system-out><![CDATA[Failed!
Taking Screenshots......
]]></system-out>
  </testcase>
  <testcase name="RegisterSuccessfully" classname="tests.RegiseredUserCheckoutProductTest" time="30.109">
    <failure message="no such element: Unable to locate element: {&quot;method&quot;:&quot;link text&quot;,&quot;selector&quot;:&quot;Register&quot;}&#10;  (Session info: chrome=89.0.4389.114)&#10;For documentation on this error, please visit: https://www.seleniumhq.org/exceptions/no_such_element.html&#10;Build info: version: &apos;3.141.59&apos;, revision: &apos;e82be7d358&apos;, time: &apos;2018-11-14T08:17:03&apos;&#10;System info: host: &apos;MAXO&apos;, ip: &apos;192.168.1.15&apos;, os.name: &apos;Windows 10&apos;, os.arch: &apos;amd64&apos;, os.version: &apos;10.0&apos;, java.version: &apos;1.8.0_60&apos;&#10;Driver info: org.openqa.selenium.chrome.ChromeDriver&#10;Capabilities {acceptInsecureCerts: false, browserName: chrome, browserVersion: 89.0.4389.114, chrome: {chromedriverVersion: 89.0.4389.23 (61b08ee2c5002..., userDataDir: C:\Users\Maxo\AppData\Local...}, goog:chromeOptions: {debuggerAddress: localhost:54522}, javascriptEnabled: true, networkConnectionEnabled: false, pageLoadStrategy: normal, platform: WINDOWS, platformName: WINDOWS, proxy: Proxy(), setWindowRect: true, strictFileInteractability: false, timeouts: {implicit: 0, pageLoad: 300000, script: 30000}, unhandledPromptBehavior: dismiss and notify, webauthn:extension:largeBlob: true, webauthn:virtualAuthenticators: true}&#10;Session ID: b60a5fe8ef811128c249b5c7e1ba5d5f&#10;*** Element info: {Using=link text, value=Register}" type="org.openqa.selenium.NoSuchElementException"><![CDATA[org.openqa.selenium.NoSuchElementException: 
no such element: Unable to locate element: {"method":"link text","selector":"Register"}
  (Session info: chrome=89.0.4389.114)
For documentation on this error, please visit: https://www.seleniumhq.org/exceptions/no_such_element.html
Build info: version: '3.141.59', revision: 'e82be7d358', time: '2018-11-14T08:17:03'
System info: host: 'MAXO', ip: '192.168.1.15', os.name: 'Windows 10', os.arch: 'amd64', os.version: '10.0', java.version: '1.8.0_60'
Driver info: org.openqa.selenium.chrome.ChromeDriver
Capabilities {acceptInsecureCerts: false, browserName: chrome, browserVersion: 89.0.4389.114, chrome: {chromedriverVersion: 89.0.4389.23 (61b08ee2c5002..., userDataDir: C:\Users\Maxo\AppData\Local...}, goog:chromeOptions: {debuggerAddress: localhost:54522}, javascriptEnabled: true, networkConnectionEnabled: false, pageLoadStrategy: normal, platform: WINDOWS, platformName: WINDOWS, proxy: Proxy(), setWindowRect: true, strictFileInteractability: false, timeouts: {implicit: 0, pageLoad: 300000, script: 30000}, unhandledPromptBehavior: dismiss and notify, webauthn:extension:largeBlob: true, webauthn:virtualAuthenticators: true}
Session ID: b60a5fe8ef811128c249b5c7e1ba5d5f
*** Element info: {Using=link text, value=Register}
	at tests.RegiseredUserCheckoutProductTest.RegisterSuccessfully(RegiseredUserCheckoutProductTest.java:38)
]]></failure>
    <system-out><![CDATA[Failed!
Taking Screenshots......
]]></system-out>
  </testcase>
  <testcase name="UserCanSelectFromList" classname="tests.RegiseredUserCheckoutProductTest" time="4.03">
    <system-out><![CDATA[Failed!
Taking Screenshots......
]]></system-out>
  </testcase>
  <testcase name="UserCanAddProductToShopingCart" classname="tests.RegiseredUserCheckoutProductTest" time="2.75">
    <failure message="expected [true] but found [false]" type="java.lang.AssertionError"><![CDATA[java.lang.AssertionError: expected [true] but found [false]
	at tests.RegiseredUserCheckoutProductTest.UserCanAddProductToShopingCart(RegiseredUserCheckoutProductTest.java:62)
]]></failure>
    <system-out><![CDATA[Failed!
Taking Screenshots......
]]></system-out>
  </testcase>
  <testcase name="UserCanCheckoutProduct" classname="tests.RegiseredUserCheckoutProductTest" time="30.022">
    <failure message="no such element: Unable to locate element: {&quot;method&quot;:&quot;css selector&quot;,&quot;selector&quot;:&quot;#termsofservice&quot;}&#10;  (Session info: chrome=89.0.4389.114)&#10;For documentation on this error, please visit: https://www.seleniumhq.org/exceptions/no_such_element.html&#10;Build info: version: &apos;3.141.59&apos;, revision: &apos;e82be7d358&apos;, time: &apos;2018-11-14T08:17:03&apos;&#10;System info: host: &apos;MAXO&apos;, ip: &apos;192.168.1.15&apos;, os.name: &apos;Windows 10&apos;, os.arch: &apos;amd64&apos;, os.version: &apos;10.0&apos;, java.version: &apos;1.8.0_60&apos;&#10;Driver info: org.openqa.selenium.chrome.ChromeDriver&#10;Capabilities {acceptInsecureCerts: false, browserName: chrome, browserVersion: 89.0.4389.114, chrome: {chromedriverVersion: 89.0.4389.23 (61b08ee2c5002..., userDataDir: C:\Users\Maxo\AppData\Local...}, goog:chromeOptions: {debuggerAddress: localhost:54522}, javascriptEnabled: true, networkConnectionEnabled: false, pageLoadStrategy: normal, platform: WINDOWS, platformName: WINDOWS, proxy: Proxy(), setWindowRect: true, strictFileInteractability: false, timeouts: {implicit: 0, pageLoad: 300000, script: 30000}, unhandledPromptBehavior: dismiss and notify, webauthn:extension:largeBlob: true, webauthn:virtualAuthenticators: true}&#10;Session ID: b60a5fe8ef811128c249b5c7e1ba5d5f&#10;*** Element info: {Using=id, value=termsofservice}" type="org.openqa.selenium.NoSuchElementException"><![CDATA[org.openqa.selenium.NoSuchElementException: 
no such element: Unable to locate element: {"method":"css selector","selector":"#termsofservice"}
  (Session info: chrome=89.0.4389.114)
For documentation on this error, please visit: https://www.seleniumhq.org/exceptions/no_such_element.html
Build info: version: '3.141.59', revision: 'e82be7d358', time: '2018-11-14T08:17:03'
System info: host: 'MAXO', ip: '192.168.1.15', os.name: 'Windows 10', os.arch: 'amd64', os.version: '10.0', java.version: '1.8.0_60'
Driver info: org.openqa.selenium.chrome.ChromeDriver
Capabilities {acceptInsecureCerts: false, browserName: chrome, browserVersion: 89.0.4389.114, chrome: {chromedriverVersion: 89.0.4389.23 (61b08ee2c5002..., userDataDir: C:\Users\Maxo\AppData\Local...}, goog:chromeOptions: {debuggerAddress: localhost:54522}, javascriptEnabled: true, networkConnectionEnabled: false, pageLoadStrategy: normal, platform: WINDOWS, platformName: WINDOWS, proxy: Proxy(), setWindowRect: true, strictFileInteractability: false, timeouts: {implicit: 0, pageLoad: 300000, script: 30000}, unhandledPromptBehavior: dismiss and notify, webauthn:extension:largeBlob: true, webauthn:virtualAuthenticators: true}
Session ID: b60a5fe8ef811128c249b5c7e1ba5d5f
*** Element info: {Using=id, value=termsofservice}
	at tests.RegiseredUserCheckoutProductTest.UserCanCheckoutProduct(RegiseredUserCheckoutProductTest.java:69)
]]></failure>
    <system-out><![CDATA[Failed!
Taking Screenshots......
]]></system-out>
  </testcase>
  <testcase name="userCanLogout" classname="tests.RegiseredUserCheckoutProductTest" time="0">
    <failure type="java.lang.NullPointerException"><![CDATA[java.lang.NullPointerException
	at tests.RegiseredUserCheckoutProductTest.userCanLogout(RegiseredUserCheckoutProductTest.java:80)
]]></failure>
    <system-out><![CDATA[Failed!
Taking Screenshots......
]]></system-out>
  </testcase>
  <testcase name="UserCanSearchForProduct" classname="tests.AddProductToShopingCartTest" time="4.892">
    <system-out><![CDATA[Failed!
Taking Screenshots......
]]></system-out>
  </testcase>
  <testcase name="UserCanAddProductToShopingCart" classname="tests.AddProductToShopingCartTest" time="3.75">
    <failure message="expected [true] but found [false]" type="java.lang.AssertionError"><![CDATA[java.lang.AssertionError: expected [true] but found [false]
	at tests.AddProductToShopingCartTest.UserCanAddProductToShopingCart(AddProductToShopingCartTest.java:34)
]]></failure>
  </testcase>
  <testcase name="UserCanRemoveProductFromCart" classname="tests.AddProductToShopingCartTest" time="0.66">
    <system-out><![CDATA[Failed!
Taking Screenshots......
]]></system-out>
  </testcase>
</testsuite>